D:\USERDATA\DOCUMENTS\VISUAL STUDIO 2012\PROJECTS\COMPONENT_CAPTURE_WITH_PRESSURE\ELEMENT_CAPTURE_WITH_PRESSURE\DEBUG\ELEMENT_CAPTURE_WITH_PRESSURE.PCH
D:\USERDATA\DOCUMENTS\VISUAL STUDIO 2012\PROJECTS\COMPONENT_CAPTURE_WITH_PRESSURE\ELEMENT_CAPTURE_WITH_PRESSURE\DEBUG\STDAFX.OBJ
D:\USERDATA\DOCUMENTS\VISUAL STUDIO 2012\PROJECTS\COMPONENT_CAPTURE_WITH_PRESSURE\ELEMENT_CAPTURE_WITH_PRESSURE\DEBUG\VC110.PDB
D:\USERDATA\DOCUMENTS\VISUAL STUDIO 2012\PROJECTS\COMPONENT_CAPTURE_WITH_PRESSURE\ELEMENT_CAPTURE_WITH_PRESSURE\DEBUG\COMPONENT_CAPTURE_WITH_PRESSURE.PCH
D:\USERDATA\DOCUMENTS\VISUAL STUDIO 2012\PROJECTS\COMPONENT_CAPTURE_WITH_PRESSURE\ELEMENT_CAPTURE_WITH_PRESSURE\DEBUG\CV_CAPTURE.OBJ
D:\USERDATA\DOCUMENTS\VISUAL STUDIO 2012\PROJECTS\COMPONENT_CAPTURE_WITH_PRESSURE\ELEMENT_CAPTURE_WITH_PRESSURE\DEBUG\ELEMENT_CAPTURE_WITH_PRESSURE.OBJ
D:\USERDATA\DOCUMENTS\VISUAL STUDIO 2012\PROJECTS\MULTI_CHAR_INPUT\ELEMENT_CAPTURE_WITH_PRESSURE\DEBUG\MULTI_CHAR_INPUT.PCH
D:\USERDATA\DOCUMENTS\VISUAL STUDIO 2012\PROJECTS\MULTI_CHAR_INPUT\ELEMENT_CAPTURE_WITH_PRESSURE\DEBUG\STDAFX.OBJ
D:\USERDATA\DOCUMENTS\VISUAL STUDIO 2012\PROJECTS\MULTI_CHAR_INPUT\ELEMENT_CAPTURE_WITH_PRESSURE\DEBUG\VC110.PDB
D:\USERDATA\DOCUMENTS\VISUAL STUDIO 2012\PROJECTS\MULTI_CHAR_INPUT\ELEMENT_CAPTURE_WITH_PRESSURE\DEBUG\CV_CAPTURE.OBJ
D:\USERDATA\DOCUMENTS\VISUAL STUDIO 2012\PROJECTS\MULTI_CHAR_INPUT\ELEMENT_CAPTURE_WITH_PRESSURE\DEBUG\ELEMENT_CAPTURE_WITH_PRESSURE.OBJ
D:\USERDATA\DOCUMENTS\VISUAL STUDIO 2012\PROJECTS\COMPONENT_CAPTURE_WITH_PRESSURE\DEBUG\COMPONENT_CAPTURE_WITH_PRESSURE.ILK
D:\USERDATA\DOCUMENTS\VISUAL STUDIO 2012\PROJECTS\COMPONENT_CAPTURE_WITH_PRESSURE\DEBUG\COMPONENT_CAPTURE_WITH_PRESSURE.EXE
D:\USERDATA\DOCUMENTS\VISUAL STUDIO 2012\PROJECTS\COMPONENT_CAPTURE_WITH_PRESSURE\DEBUG\COMPONENT_CAPTURE_WITH_PRESSURE.PDB
D:\USERDATA\DOCUMENTS\VISUAL STUDIO 2012\PROJECTS\MULTI_CHAR_INPUT\DEBUG\MULTI_CHAR_INPUT.ILK
D:\USERDATA\DOCUMENTS\VISUAL STUDIO 2012\PROJECTS\MULTI_CHAR_INPUT\DEBUG\MULTI_CHAR_INPUT.EXE
D:\USERDATA\DOCUMENTS\VISUAL STUDIO 2012\PROJECTS\MULTI_CHAR_INPUT\DEBUG\MULTI_CHAR_INPUT.PDB
D:\USERDATA\DOCUMENTS\VISUAL STUDIO 2012\PROJECTS\COMPONENT_CAPTURE_WITH_PRESSURE\ELEMENT_CAPTURE_WITH_PRESSURE\DEBUG\ELEMENT_CAPTURE_WITH_PRESSURE.RES
D:\USERDATA\DOCUMENTS\VISUAL STUDIO 2012\PROJECTS\MULTI_CHAR_INPUT\ELEMENT_CAPTURE_WITH_PRESSURE\DEBUG\ELEMENT_CAPTURE_WITH_PRESSURE.RES
D:\UserData\Documents\Visual Studio 2012\Projects\Multi_Char_Input\Element_Capture_with_Pressure\Debug\cv_Capture.obj
D:\UserData\Documents\Visual Studio 2012\Projects\Multi_Char_Input\Element_Capture_with_Pressure\Debug\Element_Capture_with_Pressure.obj
D:\UserData\Documents\Visual Studio 2012\Projects\Multi_Char_Input\Element_Capture_with_Pressure\Debug\stdafx.obj
D:\UserData\Documents\Visual Studio 2012\Projects\Multi_Char_Input\Element_Capture_with_Pressure\Debug\cl.command.1.tlog
D:\UserData\Documents\Visual Studio 2012\Projects\Multi_Char_Input\Element_Capture_with_Pressure\Debug\CL.read.1.tlog
D:\UserData\Documents\Visual Studio 2012\Projects\Multi_Char_Input\Element_Capture_with_Pressure\Debug\CL.write.1.tlog
D:\UserData\Documents\Visual Studio 2012\Projects\Multi_Char_Input\Element_Capture_with_Pressure\Debug\link-cvtres.read.1.tlog
D:\UserData\Documents\Visual Studio 2012\Projects\Multi_Char_Input\Element_Capture_with_Pressure\Debug\link-cvtres.write.1.tlog
D:\UserData\Documents\Visual Studio 2012\Projects\Multi_Char_Input\Element_Capture_with_Pressure\Debug\link-rc.read.1.tlog
D:\UserData\Documents\Visual Studio 2012\Projects\Multi_Char_Input\Element_Capture_with_Pressure\Debug\link-rc.write.1.tlog
D:\UserData\Documents\Visual Studio 2012\Projects\Multi_Char_Input\Element_Capture_with_Pressure\Debug\link.1212-cvtres.read.1.tlog
D:\UserData\Documents\Visual Studio 2012\Projects\Multi_Char_Input\Element_Capture_with_Pressure\Debug\link.1212-cvtres.write.1.tlog
D:\UserData\Documents\Visual Studio 2012\Projects\Multi_Char_Input\Element_Capture_with_Pressure\Debug\link.1212-rc.read.1.tlog
D:\UserData\Documents\Visual Studio 2012\Projects\Multi_Char_Input\Element_Capture_with_Pressure\Debug\link.1212-rc.write.1.tlog
D:\UserData\Documents\Visual Studio 2012\Projects\Multi_Char_Input\Element_Capture_with_Pressure\Debug\link.1212.read.1.tlog
D:\UserData\Documents\Visual Studio 2012\Projects\Multi_Char_Input\Element_Capture_with_Pressure\Debug\link.1212.write.1.tlog
D:\UserData\Documents\Visual Studio 2012\Projects\Multi_Char_Input\Element_Capture_with_Pressure\Debug\link.2568-cvtres.read.1.tlog
D:\UserData\Documents\Visual Studio 2012\Projects\Multi_Char_Input\Element_Capture_with_Pressure\Debug\link.2568-cvtres.write.1.tlog
D:\UserData\Documents\Visual Studio 2012\Projects\Multi_Char_Input\Element_Capture_with_Pressure\Debug\link.2568-rc.read.1.tlog
D:\UserData\Documents\Visual Studio 2012\Projects\Multi_Char_Input\Element_Capture_with_Pressure\Debug\link.2568-rc.write.1.tlog
D:\UserData\Documents\Visual Studio 2012\Projects\Multi_Char_Input\Element_Capture_with_Pressure\Debug\link.2568.read.1.tlog
D:\UserData\Documents\Visual Studio 2012\Projects\Multi_Char_Input\Element_Capture_with_Pressure\Debug\link.2568.write.1.tlog
D:\UserData\Documents\Visual Studio 2012\Projects\Multi_Char_Input\Element_Capture_with_Pressure\Debug\link.4180-cvtres.read.1.tlog
D:\UserData\Documents\Visual Studio 2012\Projects\Multi_Char_Input\Element_Capture_with_Pressure\Debug\link.4180-cvtres.write.1.tlog
D:\UserData\Documents\Visual Studio 2012\Projects\Multi_Char_Input\Element_Capture_with_Pressure\Debug\link.4180-rc.read.1.tlog
D:\UserData\Documents\Visual Studio 2012\Projects\Multi_Char_Input\Element_Capture_with_Pressure\Debug\link.4180-rc.write.1.tlog
D:\UserData\Documents\Visual Studio 2012\Projects\Multi_Char_Input\Element_Capture_with_Pressure\Debug\link.4180.read.1.tlog
D:\UserData\Documents\Visual Studio 2012\Projects\Multi_Char_Input\Element_Capture_with_Pressure\Debug\link.4180.write.1.tlog
D:\UserData\Documents\Visual Studio 2012\Projects\Multi_Char_Input\Element_Capture_with_Pressure\Debug\link.5324-cvtres.read.1.tlog
D:\UserData\Documents\Visual Studio 2012\Projects\Multi_Char_Input\Element_Capture_with_Pressure\Debug\link.5324-cvtres.write.1.tlog
D:\UserData\Documents\Visual Studio 2012\Projects\Multi_Char_Input\Element_Capture_with_Pressure\Debug\link.5324-rc.read.1.tlog
D:\UserData\Documents\Visual Studio 2012\Projects\Multi_Char_Input\Element_Capture_with_Pressure\Debug\link.5324-rc.write.1.tlog
D:\UserData\Documents\Visual Studio 2012\Projects\Multi_Char_Input\Element_Capture_with_Pressure\Debug\link.5324.read.1.tlog
D:\UserData\Documents\Visual Studio 2012\Projects\Multi_Char_Input\Element_Capture_with_Pressure\Debug\link.5324.write.1.tlog
D:\UserData\Documents\Visual Studio 2012\Projects\Multi_Char_Input\Element_Capture_with_Pressure\Debug\link.5352-cvtres.read.1.tlog
D:\UserData\Documents\Visual Studio 2012\Projects\Multi_Char_Input\Element_Capture_with_Pressure\Debug\link.5352-cvtres.write.1.tlog
D:\UserData\Documents\Visual Studio 2012\Projects\Multi_Char_Input\Element_Capture_with_Pressure\Debug\link.5352-rc.read.1.tlog
D:\UserData\Documents\Visual Studio 2012\Projects\Multi_Char_Input\Element_Capture_with_Pressure\Debug\link.5352-rc.write.1.tlog
D:\UserData\Documents\Visual Studio 2012\Projects\Multi_Char_Input\Element_Capture_with_Pressure\Debug\link.5352.read.1.tlog
D:\UserData\Documents\Visual Studio 2012\Projects\Multi_Char_Input\Element_Capture_with_Pressure\Debug\link.5352.write.1.tlog
D:\UserData\Documents\Visual Studio 2012\Projects\Multi_Char_Input\Element_Capture_with_Pressure\Debug\link.5508-cvtres.read.1.tlog
D:\UserData\Documents\Visual Studio 2012\Projects\Multi_Char_Input\Element_Capture_with_Pressure\Debug\link.5508-cvtres.write.1.tlog
D:\UserData\Documents\Visual Studio 2012\Projects\Multi_Char_Input\Element_Capture_with_Pressure\Debug\link.5508-rc.read.1.tlog
D:\UserData\Documents\Visual Studio 2012\Projects\Multi_Char_Input\Element_Capture_with_Pressure\Debug\link.5508-rc.write.1.tlog
D:\UserData\Documents\Visual Studio 2012\Projects\Multi_Char_Input\Element_Capture_with_Pressure\Debug\link.5508.read.1.tlog
D:\UserData\Documents\Visual Studio 2012\Projects\Multi_Char_Input\Element_Capture_with_Pressure\Debug\link.5508.write.1.tlog
D:\UserData\Documents\Visual Studio 2012\Projects\Multi_Char_Input\Element_Capture_with_Pressure\Debug\link.5752-cvtres.read.1.tlog
D:\UserData\Documents\Visual Studio 2012\Projects\Multi_Char_Input\Element_Capture_with_Pressure\Debug\link.5752-cvtres.write.1.tlog
D:\UserData\Documents\Visual Studio 2012\Projects\Multi_Char_Input\Element_Capture_with_Pressure\Debug\link.5752-rc.read.1.tlog
D:\UserData\Documents\Visual Studio 2012\Projects\Multi_Char_Input\Element_Capture_with_Pressure\Debug\link.5752-rc.write.1.tlog
D:\UserData\Documents\Visual Studio 2012\Projects\Multi_Char_Input\Element_Capture_with_Pressure\Debug\link.5752.read.1.tlog
D:\UserData\Documents\Visual Studio 2012\Projects\Multi_Char_Input\Element_Capture_with_Pressure\Debug\link.5752.write.1.tlog
D:\UserData\Documents\Visual Studio 2012\Projects\Multi_Char_Input\Element_Capture_with_Pressure\Debug\link.5836-cvtres.read.1.tlog
D:\UserData\Documents\Visual Studio 2012\Projects\Multi_Char_Input\Element_Capture_with_Pressure\Debug\link.5836-cvtres.write.1.tlog
D:\UserData\Documents\Visual Studio 2012\Projects\Multi_Char_Input\Element_Capture_with_Pressure\Debug\link.5836-rc.read.1.tlog
D:\UserData\Documents\Visual Studio 2012\Projects\Multi_Char_Input\Element_Capture_with_Pressure\Debug\link.5836-rc.write.1.tlog
D:\UserData\Documents\Visual Studio 2012\Projects\Multi_Char_Input\Element_Capture_with_Pressure\Debug\link.5836.read.1.tlog
D:\UserData\Documents\Visual Studio 2012\Projects\Multi_Char_Input\Element_Capture_with_Pressure\Debug\link.5836.write.1.tlog
D:\UserData\Documents\Visual Studio 2012\Projects\Multi_Char_Input\Element_Capture_with_Pressure\Debug\link.5960-cvtres.read.1.tlog
D:\UserData\Documents\Visual Studio 2012\Projects\Multi_Char_Input\Element_Capture_with_Pressure\Debug\link.5960-cvtres.write.1.tlog
D:\UserData\Documents\Visual Studio 2012\Projects\Multi_Char_Input\Element_Capture_with_Pressure\Debug\link.5960-rc.read.1.tlog
D:\UserData\Documents\Visual Studio 2012\Projects\Multi_Char_Input\Element_Capture_with_Pressure\Debug\link.5960-rc.write.1.tlog
D:\UserData\Documents\Visual Studio 2012\Projects\Multi_Char_Input\Element_Capture_with_Pressure\Debug\link.5960.read.1.tlog
D:\UserData\Documents\Visual Studio 2012\Projects\Multi_Char_Input\Element_Capture_with_Pressure\Debug\link.5960.write.1.tlog
D:\UserData\Documents\Visual Studio 2012\Projects\Multi_Char_Input\Element_Capture_with_Pressure\Debug\link.7864-cvtres.read.1.tlog
D:\UserData\Documents\Visual Studio 2012\Projects\Multi_Char_Input\Element_Capture_with_Pressure\Debug\link.7864-cvtres.write.1.tlog
D:\UserData\Documents\Visual Studio 2012\Projects\Multi_Char_Input\Element_Capture_with_Pressure\Debug\link.7864-rc.read.1.tlog
D:\UserData\Documents\Visual Studio 2012\Projects\Multi_Char_Input\Element_Capture_with_Pressure\Debug\link.7864-rc.write.1.tlog
D:\UserData\Documents\Visual Studio 2012\Projects\Multi_Char_Input\Element_Capture_with_Pressure\Debug\link.7864.read.1.tlog
D:\UserData\Documents\Visual Studio 2012\Projects\Multi_Char_Input\Element_Capture_with_Pressure\Debug\link.7864.write.1.tlog
D:\UserData\Documents\Visual Studio 2012\Projects\Multi_Char_Input\Element_Capture_with_Pressure\Debug\link.8764-cvtres.read.1.tlog
D:\UserData\Documents\Visual Studio 2012\Projects\Multi_Char_Input\Element_Capture_with_Pressure\Debug\link.8764-cvtres.write.1.tlog
D:\UserData\Documents\Visual Studio 2012\Projects\Multi_Char_Input\Element_Capture_with_Pressure\Debug\link.8764-rc.read.1.tlog
D:\UserData\Documents\Visual Studio 2012\Projects\Multi_Char_Input\Element_Capture_with_Pressure\Debug\link.8764-rc.write.1.tlog
D:\UserData\Documents\Visual Studio 2012\Projects\Multi_Char_Input\Element_Capture_with_Pressure\Debug\link.8764.read.1.tlog
D:\UserData\Documents\Visual Studio 2012\Projects\Multi_Char_Input\Element_Capture_with_Pressure\Debug\link.8764.write.1.tlog
D:\UserData\Documents\Visual Studio 2012\Projects\Multi_Char_Input\Element_Capture_with_Pressure\Debug\link.9084-cvtres.read.1.tlog
D:\UserData\Documents\Visual Studio 2012\Projects\Multi_Char_Input\Element_Capture_with_Pressure\Debug\link.9084-cvtres.write.1.tlog
D:\UserData\Documents\Visual Studio 2012\Projects\Multi_Char_Input\Element_Capture_with_Pressure\Debug\link.9084-rc.read.1.tlog
D:\UserData\Documents\Visual Studio 2012\Projects\Multi_Char_Input\Element_Capture_with_Pressure\Debug\link.9084-rc.write.1.tlog
D:\UserData\Documents\Visual Studio 2012\Projects\Multi_Char_Input\Element_Capture_with_Pressure\Debug\link.9084.read.1.tlog
D:\UserData\Documents\Visual Studio 2012\Projects\Multi_Char_Input\Element_Capture_with_Pressure\Debug\link.9084.write.1.tlog
D:\UserData\Documents\Visual Studio 2012\Projects\Multi_Char_Input\Element_Capture_with_Pressure\Debug\link.9424-cvtres.read.1.tlog
D:\UserData\Documents\Visual Studio 2012\Projects\Multi_Char_Input\Element_Capture_with_Pressure\Debug\link.9424-cvtres.write.1.tlog
D:\UserData\Documents\Visual Studio 2012\Projects\Multi_Char_Input\Element_Capture_with_Pressure\Debug\link.9424-rc.read.1.tlog
D:\UserData\Documents\Visual Studio 2012\Projects\Multi_Char_Input\Element_Capture_with_Pressure\Debug\link.9424-rc.write.1.tlog
D:\UserData\Documents\Visual Studio 2012\Projects\Multi_Char_Input\Element_Capture_with_Pressure\Debug\link.9424.read.1.tlog
D:\UserData\Documents\Visual Studio 2012\Projects\Multi_Char_Input\Element_Capture_with_Pressure\Debug\link.9424.write.1.tlog
D:\UserData\Documents\Visual Studio 2012\Projects\Multi_Char_Input\Element_Capture_with_Pressure\Debug\link.9780-cvtres.read.1.tlog
D:\UserData\Documents\Visual Studio 2012\Projects\Multi_Char_Input\Element_Capture_with_Pressure\Debug\link.9780-cvtres.write.1.tlog
D:\UserData\Documents\Visual Studio 2012\Projects\Multi_Char_Input\Element_Capture_with_Pressure\Debug\link.9780-rc.read.1.tlog
D:\UserData\Documents\Visual Studio 2012\Projects\Multi_Char_Input\Element_Capture_with_Pressure\Debug\link.9780-rc.write.1.tlog
D:\UserData\Documents\Visual Studio 2012\Projects\Multi_Char_Input\Element_Capture_with_Pressure\Debug\link.9780.read.1.tlog
D:\UserData\Documents\Visual Studio 2012\Projects\Multi_Char_Input\Element_Capture_with_Pressure\Debug\link.9780.write.1.tlog
D:\UserData\Documents\Visual Studio 2012\Projects\Multi_Char_Input\Element_Capture_with_Pressure\Debug\link.command.1.tlog
D:\UserData\Documents\Visual Studio 2012\Projects\Multi_Char_Input\Element_Capture_with_Pressure\Debug\link.read.1.tlog
D:\UserData\Documents\Visual Studio 2012\Projects\Multi_Char_Input\Element_Capture_with_Pressure\Debug\link.write.1.tlog
D:\UserData\Documents\Visual Studio 2012\Projects\Multi_Char_Input\Element_Capture_with_Pressure\Debug\rc.command.1.tlog
D:\UserData\Documents\Visual Studio 2012\Projects\Multi_Char_Input\Element_Capture_with_Pressure\Debug\rc.read.1.tlog
D:\UserData\Documents\Visual Studio 2012\Projects\Multi_Char_Input\Element_Capture_with_Pressure\Debug\rc.write.1.tlog
D:\UserData\Documents\Visual Studio 2012\Projects\Multi_Char_Input\Element_Capture_with_Pressure\Debug\Element_Capture_with_Pressure.res
D:\UserData\Documents\Visual Studio 2012\Projects\Multi_Char_Input\Element_Capture_with_Pressure\Debug\Component_Capture_with_Pressure.pch
D:\UserData\Documents\Visual Studio 2012\Projects\Multi_Char_Input\Element_Capture_with_Pressure\Debug\Element_Capture_with_Pressure.pch
D:\UserData\Documents\Visual Studio 2012\Projects\Multi_Char_Input\Element_Capture_with_Pressure\Debug\Multi_Char_Input.pch
D:\UserData\Documents\Visual Studio 2012\Projects\Multi_Char_Input\Element_Capture_with_Pressure\Debug\vc110.idb
D:\UserData\Documents\Visual Studio 2012\Projects\Multi_Char_Input\Element_Capture_with_Pressure\Debug\vc110.pdb
D:\UserData\Documents\Visual Studio 2012\Projects\Multi_Char_Input\Debug\Multi_Char_Input.pdb
D:\UserData\Documents\Visual Studio 2012\Projects\Multi_Char_Input\Debug\Multi_Char_Input.exe
D:\UserData\Documents\Visual Studio 2012\Projects\Multi_Char_Input\Debug\Multi_Char_Input.ilk
