D:\ALEX\DOCUMENTS\VISUAL STUDIO 2012\PROJECTS\CAPTURE\CAPTURE\DEBUG\MAIN.OBJ
D:\ALEX\DOCUMENTS\VISUAL STUDIO 2012\PROJECTS\CAPTURE\CAPTURE\DEBUG\CAPTURE.OBJ
D:\ALEX\DOCUMENTS\VISUAL STUDIO 2012\PROJECTS\CAPTURE\CAPTURE\DEBUG\SOURCE.OBJ
D:\ALEX\DOCUMENTS\VISUAL STUDIO 2012\PROJECTS\CAPTURE\CAPTURE\DEBUG\MOC_CAPTURE.OBJ
D:\ALEX\DOCUMENTS\VISUAL STUDIO 2012\PROJECTS\CAPTURE\CAPTURE\DEBUG\VC110.PDB
D:\ALEX\DOCUMENTS\VISUAL STUDIO 2012\PROJECTS\CAPTURE\CAPTURE\DEBUG\MAKE1.OBJ
D:\ALEX\DOCUMENTS\VISUAL STUDIO 2012\PROJECTS\CAPTURE\CAPTURE\DEBUG\TEST.OBJ
D:\ALEX\DOCUMENTS\VISUAL STUDIO 2012\PROJECTS\CAPTURE\CAPTURE\DEBUG\QRC_CAPTURE.OBJ
D:\ALEX\DOCUMENTS\VISUAL STUDIO 2012\PROJECTS\CAPTURE\CAPTURE\GENERATEDFILES\DEBUG\MOC_CAPTURE.CPP
D:\ALEX\DOCUMENTS\VISUAL STUDIO 2012\PROJECTS\CAPTURE\CAPTURE\GENERATEDFILES\UI_CAPTURE.H
D:\ALEX\DOCUMENTS\VISUAL STUDIO 2012\PROJECTS\CAPTURE\CAPTURE\GENERATEDFILES\QRC_CAPTURE.CPP
D:\ALEX\DOCUMENTS\VISUAL STUDIO 2012\PROJECTS\CAPTURE\WIN32\DEBUG\CAPTURE.ILK
D:\ALEX\DOCUMENTS\VISUAL STUDIO 2012\PROJECTS\CAPTURE\WIN32\DEBUG\CAPTURE.EXE
D:\ALEX\DOCUMENTS\VISUAL STUDIO 2012\PROJECTS\CAPTURE\WIN32\DEBUG\CAPTURE.PDB
D:\UserData\Documents\資訊\資訊專題\旺宏\決賽資料\Capture\Capture\Debug\capture.obj
D:\UserData\Documents\資訊\資訊專題\旺宏\決賽資料\Capture\Capture\Debug\main.obj
D:\UserData\Documents\資訊\資訊專題\旺宏\決賽資料\Capture\Capture\Debug\make1.obj
D:\UserData\Documents\資訊\資訊專題\旺宏\決賽資料\Capture\Capture\Debug\moc_capture.obj
D:\UserData\Documents\資訊\資訊專題\旺宏\決賽資料\Capture\Capture\Debug\qrc_capture.obj
D:\UserData\Documents\資訊\資訊專題\旺宏\決賽資料\Capture\Capture\Debug\Source.obj
D:\UserData\Documents\資訊\資訊專題\旺宏\決賽資料\Capture\Capture\Debug\test.obj
D:\UserData\Documents\資訊\資訊專題\旺宏\決賽資料\Capture\Capture\Debug\cl.command.1.tlog
D:\UserData\Documents\資訊\資訊專題\旺宏\決賽資料\Capture\Capture\Debug\CL.read.1.tlog
D:\UserData\Documents\資訊\資訊專題\旺宏\決賽資料\Capture\Capture\Debug\CL.write.1.tlog
D:\UserData\Documents\資訊\資訊專題\旺宏\決賽資料\Capture\Capture\Debug\custombuild.command.1.tlog
D:\UserData\Documents\資訊\資訊專題\旺宏\決賽資料\Capture\Capture\Debug\custombuild.read.1.tlog
D:\UserData\Documents\資訊\資訊專題\旺宏\決賽資料\Capture\Capture\Debug\custombuild.write.1.tlog
D:\UserData\Documents\資訊\資訊專題\旺宏\決賽資料\Capture\Capture\Debug\link-cvtres.read.1.tlog
D:\UserData\Documents\資訊\資訊專題\旺宏\決賽資料\Capture\Capture\Debug\link-cvtres.write.1.tlog
D:\UserData\Documents\資訊\資訊專題\旺宏\決賽資料\Capture\Capture\Debug\link-rc.read.1.tlog
D:\UserData\Documents\資訊\資訊專題\旺宏\決賽資料\Capture\Capture\Debug\link-rc.write.1.tlog
D:\UserData\Documents\資訊\資訊專題\旺宏\決賽資料\Capture\Capture\Debug\link.10324-cvtres.read.1.tlog
D:\UserData\Documents\資訊\資訊專題\旺宏\決賽資料\Capture\Capture\Debug\link.10324-cvtres.write.1.tlog
D:\UserData\Documents\資訊\資訊專題\旺宏\決賽資料\Capture\Capture\Debug\link.10324-rc.read.1.tlog
D:\UserData\Documents\資訊\資訊專題\旺宏\決賽資料\Capture\Capture\Debug\link.10324-rc.write.1.tlog
D:\UserData\Documents\資訊\資訊專題\旺宏\決賽資料\Capture\Capture\Debug\link.10324.read.1.tlog
D:\UserData\Documents\資訊\資訊專題\旺宏\決賽資料\Capture\Capture\Debug\link.10324.write.1.tlog
D:\UserData\Documents\資訊\資訊專題\旺宏\決賽資料\Capture\Capture\Debug\link.10472-cvtres.read.1.tlog
D:\UserData\Documents\資訊\資訊專題\旺宏\決賽資料\Capture\Capture\Debug\link.10472-cvtres.write.1.tlog
D:\UserData\Documents\資訊\資訊專題\旺宏\決賽資料\Capture\Capture\Debug\link.10472-rc.read.1.tlog
D:\UserData\Documents\資訊\資訊專題\旺宏\決賽資料\Capture\Capture\Debug\link.10472-rc.write.1.tlog
D:\UserData\Documents\資訊\資訊專題\旺宏\決賽資料\Capture\Capture\Debug\link.10472.read.1.tlog
D:\UserData\Documents\資訊\資訊專題\旺宏\決賽資料\Capture\Capture\Debug\link.10472.write.1.tlog
D:\UserData\Documents\資訊\資訊專題\旺宏\決賽資料\Capture\Capture\Debug\link.1148-cvtres.read.1.tlog
D:\UserData\Documents\資訊\資訊專題\旺宏\決賽資料\Capture\Capture\Debug\link.1148-cvtres.write.1.tlog
D:\UserData\Documents\資訊\資訊專題\旺宏\決賽資料\Capture\Capture\Debug\link.1148-rc.read.1.tlog
D:\UserData\Documents\資訊\資訊專題\旺宏\決賽資料\Capture\Capture\Debug\link.1148-rc.write.1.tlog
D:\UserData\Documents\資訊\資訊專題\旺宏\決賽資料\Capture\Capture\Debug\link.1148.read.1.tlog
D:\UserData\Documents\資訊\資訊專題\旺宏\決賽資料\Capture\Capture\Debug\link.1148.write.1.tlog
D:\UserData\Documents\資訊\資訊專題\旺宏\決賽資料\Capture\Capture\Debug\link.2060-cvtres.read.1.tlog
D:\UserData\Documents\資訊\資訊專題\旺宏\決賽資料\Capture\Capture\Debug\link.2060-cvtres.write.1.tlog
D:\UserData\Documents\資訊\資訊專題\旺宏\決賽資料\Capture\Capture\Debug\link.2060-rc.read.1.tlog
D:\UserData\Documents\資訊\資訊專題\旺宏\決賽資料\Capture\Capture\Debug\link.2060-rc.write.1.tlog
D:\UserData\Documents\資訊\資訊專題\旺宏\決賽資料\Capture\Capture\Debug\link.2060.read.1.tlog
D:\UserData\Documents\資訊\資訊專題\旺宏\決賽資料\Capture\Capture\Debug\link.2060.write.1.tlog
D:\UserData\Documents\資訊\資訊專題\旺宏\決賽資料\Capture\Capture\Debug\link.2452-cvtres.read.1.tlog
D:\UserData\Documents\資訊\資訊專題\旺宏\決賽資料\Capture\Capture\Debug\link.2452-cvtres.write.1.tlog
D:\UserData\Documents\資訊\資訊專題\旺宏\決賽資料\Capture\Capture\Debug\link.2452-rc.read.1.tlog
D:\UserData\Documents\資訊\資訊專題\旺宏\決賽資料\Capture\Capture\Debug\link.2452-rc.write.1.tlog
D:\UserData\Documents\資訊\資訊專題\旺宏\決賽資料\Capture\Capture\Debug\link.2452.read.1.tlog
D:\UserData\Documents\資訊\資訊專題\旺宏\決賽資料\Capture\Capture\Debug\link.2452.write.1.tlog
D:\UserData\Documents\資訊\資訊專題\旺宏\決賽資料\Capture\Capture\Debug\link.5988-cvtres.read.1.tlog
D:\UserData\Documents\資訊\資訊專題\旺宏\決賽資料\Capture\Capture\Debug\link.5988-cvtres.write.1.tlog
D:\UserData\Documents\資訊\資訊專題\旺宏\決賽資料\Capture\Capture\Debug\link.5988-rc.read.1.tlog
D:\UserData\Documents\資訊\資訊專題\旺宏\決賽資料\Capture\Capture\Debug\link.5988-rc.write.1.tlog
D:\UserData\Documents\資訊\資訊專題\旺宏\決賽資料\Capture\Capture\Debug\link.5988.read.1.tlog
D:\UserData\Documents\資訊\資訊專題\旺宏\決賽資料\Capture\Capture\Debug\link.5988.write.1.tlog
D:\UserData\Documents\資訊\資訊專題\旺宏\決賽資料\Capture\Capture\Debug\link.6528-cvtres.read.1.tlog
D:\UserData\Documents\資訊\資訊專題\旺宏\決賽資料\Capture\Capture\Debug\link.6528-cvtres.write.1.tlog
D:\UserData\Documents\資訊\資訊專題\旺宏\決賽資料\Capture\Capture\Debug\link.6528-rc.read.1.tlog
D:\UserData\Documents\資訊\資訊專題\旺宏\決賽資料\Capture\Capture\Debug\link.6528-rc.write.1.tlog
D:\UserData\Documents\資訊\資訊專題\旺宏\決賽資料\Capture\Capture\Debug\link.6528.read.1.tlog
D:\UserData\Documents\資訊\資訊專題\旺宏\決賽資料\Capture\Capture\Debug\link.6528.write.1.tlog
D:\UserData\Documents\資訊\資訊專題\旺宏\決賽資料\Capture\Capture\Debug\link.6792-cvtres.read.1.tlog
D:\UserData\Documents\資訊\資訊專題\旺宏\決賽資料\Capture\Capture\Debug\link.6792-cvtres.write.1.tlog
D:\UserData\Documents\資訊\資訊專題\旺宏\決賽資料\Capture\Capture\Debug\link.6792-rc.read.1.tlog
D:\UserData\Documents\資訊\資訊專題\旺宏\決賽資料\Capture\Capture\Debug\link.6792-rc.write.1.tlog
D:\UserData\Documents\資訊\資訊專題\旺宏\決賽資料\Capture\Capture\Debug\link.6792.read.1.tlog
D:\UserData\Documents\資訊\資訊專題\旺宏\決賽資料\Capture\Capture\Debug\link.6792.write.1.tlog
D:\UserData\Documents\資訊\資訊專題\旺宏\決賽資料\Capture\Capture\Debug\link.7012-cvtres.read.1.tlog
D:\UserData\Documents\資訊\資訊專題\旺宏\決賽資料\Capture\Capture\Debug\link.7012-cvtres.write.1.tlog
D:\UserData\Documents\資訊\資訊專題\旺宏\決賽資料\Capture\Capture\Debug\link.7012-rc.read.1.tlog
D:\UserData\Documents\資訊\資訊專題\旺宏\決賽資料\Capture\Capture\Debug\link.7012-rc.write.1.tlog
D:\UserData\Documents\資訊\資訊專題\旺宏\決賽資料\Capture\Capture\Debug\link.7012.read.1.tlog
D:\UserData\Documents\資訊\資訊專題\旺宏\決賽資料\Capture\Capture\Debug\link.7012.write.1.tlog
D:\UserData\Documents\資訊\資訊專題\旺宏\決賽資料\Capture\Capture\Debug\link.7460-cvtres.read.1.tlog
D:\UserData\Documents\資訊\資訊專題\旺宏\決賽資料\Capture\Capture\Debug\link.7460-cvtres.write.1.tlog
D:\UserData\Documents\資訊\資訊專題\旺宏\決賽資料\Capture\Capture\Debug\link.7460-rc.read.1.tlog
D:\UserData\Documents\資訊\資訊專題\旺宏\決賽資料\Capture\Capture\Debug\link.7460-rc.write.1.tlog
D:\UserData\Documents\資訊\資訊專題\旺宏\決賽資料\Capture\Capture\Debug\link.7460.read.1.tlog
D:\UserData\Documents\資訊\資訊專題\旺宏\決賽資料\Capture\Capture\Debug\link.7460.write.1.tlog
D:\UserData\Documents\資訊\資訊專題\旺宏\決賽資料\Capture\Capture\Debug\link.7848-cvtres.read.1.tlog
D:\UserData\Documents\資訊\資訊專題\旺宏\決賽資料\Capture\Capture\Debug\link.7848-cvtres.write.1.tlog
D:\UserData\Documents\資訊\資訊專題\旺宏\決賽資料\Capture\Capture\Debug\link.7848-rc.read.1.tlog
D:\UserData\Documents\資訊\資訊專題\旺宏\決賽資料\Capture\Capture\Debug\link.7848-rc.write.1.tlog
D:\UserData\Documents\資訊\資訊專題\旺宏\決賽資料\Capture\Capture\Debug\link.7848.read.1.tlog
D:\UserData\Documents\資訊\資訊專題\旺宏\決賽資料\Capture\Capture\Debug\link.7848.write.1.tlog
D:\UserData\Documents\資訊\資訊專題\旺宏\決賽資料\Capture\Capture\Debug\link.7924-cvtres.read.1.tlog
D:\UserData\Documents\資訊\資訊專題\旺宏\決賽資料\Capture\Capture\Debug\link.7924-cvtres.write.1.tlog
D:\UserData\Documents\資訊\資訊專題\旺宏\決賽資料\Capture\Capture\Debug\link.7924-rc.read.1.tlog
D:\UserData\Documents\資訊\資訊專題\旺宏\決賽資料\Capture\Capture\Debug\link.7924-rc.write.1.tlog
D:\UserData\Documents\資訊\資訊專題\旺宏\決賽資料\Capture\Capture\Debug\link.7924.read.1.tlog
D:\UserData\Documents\資訊\資訊專題\旺宏\決賽資料\Capture\Capture\Debug\link.7924.write.1.tlog
D:\UserData\Documents\資訊\資訊專題\旺宏\決賽資料\Capture\Capture\Debug\link.8056-cvtres.read.1.tlog
D:\UserData\Documents\資訊\資訊專題\旺宏\決賽資料\Capture\Capture\Debug\link.8056-cvtres.write.1.tlog
D:\UserData\Documents\資訊\資訊專題\旺宏\決賽資料\Capture\Capture\Debug\link.8056-rc.read.1.tlog
D:\UserData\Documents\資訊\資訊專題\旺宏\決賽資料\Capture\Capture\Debug\link.8056-rc.write.1.tlog
D:\UserData\Documents\資訊\資訊專題\旺宏\決賽資料\Capture\Capture\Debug\link.8056.read.1.tlog
D:\UserData\Documents\資訊\資訊專題\旺宏\決賽資料\Capture\Capture\Debug\link.8056.write.1.tlog
D:\UserData\Documents\資訊\資訊專題\旺宏\決賽資料\Capture\Capture\Debug\link.8280-cvtres.read.1.tlog
D:\UserData\Documents\資訊\資訊專題\旺宏\決賽資料\Capture\Capture\Debug\link.8280-cvtres.write.1.tlog
D:\UserData\Documents\資訊\資訊專題\旺宏\決賽資料\Capture\Capture\Debug\link.8280-rc.read.1.tlog
D:\UserData\Documents\資訊\資訊專題\旺宏\決賽資料\Capture\Capture\Debug\link.8280-rc.write.1.tlog
D:\UserData\Documents\資訊\資訊專題\旺宏\決賽資料\Capture\Capture\Debug\link.8280.read.1.tlog
D:\UserData\Documents\資訊\資訊專題\旺宏\決賽資料\Capture\Capture\Debug\link.8280.write.1.tlog
D:\UserData\Documents\資訊\資訊專題\旺宏\決賽資料\Capture\Capture\Debug\link.8504-cvtres.read.1.tlog
D:\UserData\Documents\資訊\資訊專題\旺宏\決賽資料\Capture\Capture\Debug\link.8504-cvtres.write.1.tlog
D:\UserData\Documents\資訊\資訊專題\旺宏\決賽資料\Capture\Capture\Debug\link.8504-rc.read.1.tlog
D:\UserData\Documents\資訊\資訊專題\旺宏\決賽資料\Capture\Capture\Debug\link.8504-rc.write.1.tlog
D:\UserData\Documents\資訊\資訊專題\旺宏\決賽資料\Capture\Capture\Debug\link.8504.read.1.tlog
D:\UserData\Documents\資訊\資訊專題\旺宏\決賽資料\Capture\Capture\Debug\link.8504.write.1.tlog
D:\UserData\Documents\資訊\資訊專題\旺宏\決賽資料\Capture\Capture\Debug\link.8788-cvtres.read.1.tlog
D:\UserData\Documents\資訊\資訊專題\旺宏\決賽資料\Capture\Capture\Debug\link.8788-cvtres.write.1.tlog
D:\UserData\Documents\資訊\資訊專題\旺宏\決賽資料\Capture\Capture\Debug\link.8788-rc.read.1.tlog
D:\UserData\Documents\資訊\資訊專題\旺宏\決賽資料\Capture\Capture\Debug\link.8788-rc.write.1.tlog
D:\UserData\Documents\資訊\資訊專題\旺宏\決賽資料\Capture\Capture\Debug\link.8788.read.1.tlog
D:\UserData\Documents\資訊\資訊專題\旺宏\決賽資料\Capture\Capture\Debug\link.8788.write.1.tlog
D:\UserData\Documents\資訊\資訊專題\旺宏\決賽資料\Capture\Capture\Debug\link.8896-cvtres.read.1.tlog
D:\UserData\Documents\資訊\資訊專題\旺宏\決賽資料\Capture\Capture\Debug\link.8896-cvtres.write.1.tlog
D:\UserData\Documents\資訊\資訊專題\旺宏\決賽資料\Capture\Capture\Debug\link.8896-rc.read.1.tlog
D:\UserData\Documents\資訊\資訊專題\旺宏\決賽資料\Capture\Capture\Debug\link.8896-rc.write.1.tlog
D:\UserData\Documents\資訊\資訊專題\旺宏\決賽資料\Capture\Capture\Debug\link.8896.read.1.tlog
D:\UserData\Documents\資訊\資訊專題\旺宏\決賽資料\Capture\Capture\Debug\link.8896.write.1.tlog
D:\UserData\Documents\資訊\資訊專題\旺宏\決賽資料\Capture\Capture\Debug\link.9300-cvtres.read.1.tlog
D:\UserData\Documents\資訊\資訊專題\旺宏\決賽資料\Capture\Capture\Debug\link.9300-cvtres.write.1.tlog
D:\UserData\Documents\資訊\資訊專題\旺宏\決賽資料\Capture\Capture\Debug\link.9300-rc.read.1.tlog
D:\UserData\Documents\資訊\資訊專題\旺宏\決賽資料\Capture\Capture\Debug\link.9300-rc.write.1.tlog
D:\UserData\Documents\資訊\資訊專題\旺宏\決賽資料\Capture\Capture\Debug\link.9300.read.1.tlog
D:\UserData\Documents\資訊\資訊專題\旺宏\決賽資料\Capture\Capture\Debug\link.9300.write.1.tlog
D:\UserData\Documents\資訊\資訊專題\旺宏\決賽資料\Capture\Capture\Debug\link.command.1.tlog
D:\UserData\Documents\資訊\資訊專題\旺宏\決賽資料\Capture\Capture\Debug\link.read.1.tlog
D:\UserData\Documents\資訊\資訊專題\旺宏\決賽資料\Capture\Capture\Debug\link.write.1.tlog
D:\UserData\Documents\資訊\資訊專題\旺宏\決賽資料\Capture\Capture\Debug\vc110.pdb
D:\UserData\Documents\資訊\資訊專題\旺宏\決賽資料\Capture\Win32\Debug\Capture.pdb
D:\UserData\Documents\資訊\資訊專題\旺宏\決賽資料\Capture\Win32\Debug\Capture.exe
D:\UserData\Documents\資訊\資訊專題\旺宏\決賽資料\Capture\Win32\Debug\Capture.ilk
