D:\USERDATA\DOCUMENTS\VISUAL STUDIO 2012\PROJECTS\CHARACTE_ELEMENT_DB\CHARACTE_ELEMENT_DB\DEBUG\VC110.PDB
D:\USERDATA\DOCUMENTS\VISUAL STUDIO 2012\PROJECTS\CHARACTE_ELEMENT_DB\CHARACTE_ELEMENT_DB\DEBUG\S_C.OBJ
D:\USERDATA\DOCUMENTS\VISUAL STUDIO 2012\PROJECTS\CHARACTE_ELEMENT_DB\DEBUG\CHARACTE_ELEMENT_DB.ILK
D:\USERDATA\DOCUMENTS\VISUAL STUDIO 2012\PROJECTS\CHARACTE_ELEMENT_DB\DEBUG\CHARACTE_ELEMENT_DB.EXE
D:\USERDATA\DOCUMENTS\VISUAL STUDIO 2012\PROJECTS\CHARACTE_ELEMENT_DB\DEBUG\CHARACTE_ELEMENT_DB.PDB
D:\UserData\Documents\Visual Studio 2012\Projects\Characte_Element_DB\Characte_Element_DB\Debug\s_c.obj
D:\UserData\Documents\Visual Studio 2012\Projects\Characte_Element_DB\Characte_Element_DB\Debug\cl.command.1.tlog
D:\UserData\Documents\Visual Studio 2012\Projects\Characte_Element_DB\Characte_Element_DB\Debug\CL.read.1.tlog
D:\UserData\Documents\Visual Studio 2012\Projects\Characte_Element_DB\Characte_Element_DB\Debug\CL.write.1.tlog
D:\UserData\Documents\Visual Studio 2012\Projects\Characte_Element_DB\Characte_Element_DB\Debug\link-cvtres.read.1.tlog
D:\UserData\Documents\Visual Studio 2012\Projects\Characte_Element_DB\Characte_Element_DB\Debug\link-cvtres.write.1.tlog
D:\UserData\Documents\Visual Studio 2012\Projects\Characte_Element_DB\Characte_Element_DB\Debug\link-rc.read.1.tlog
D:\UserData\Documents\Visual Studio 2012\Projects\Characte_Element_DB\Characte_Element_DB\Debug\link-rc.write.1.tlog
D:\UserData\Documents\Visual Studio 2012\Projects\Characte_Element_DB\Characte_Element_DB\Debug\link.3200-cvtres.read.1.tlog
D:\UserData\Documents\Visual Studio 2012\Projects\Characte_Element_DB\Characte_Element_DB\Debug\link.3200-cvtres.write.1.tlog
D:\UserData\Documents\Visual Studio 2012\Projects\Characte_Element_DB\Characte_Element_DB\Debug\link.3200-rc.read.1.tlog
D:\UserData\Documents\Visual Studio 2012\Projects\Characte_Element_DB\Characte_Element_DB\Debug\link.3200-rc.write.1.tlog
D:\UserData\Documents\Visual Studio 2012\Projects\Characte_Element_DB\Characte_Element_DB\Debug\link.3200.read.1.tlog
D:\UserData\Documents\Visual Studio 2012\Projects\Characte_Element_DB\Characte_Element_DB\Debug\link.3200.write.1.tlog
D:\UserData\Documents\Visual Studio 2012\Projects\Characte_Element_DB\Characte_Element_DB\Debug\link.3660-cvtres.read.1.tlog
D:\UserData\Documents\Visual Studio 2012\Projects\Characte_Element_DB\Characte_Element_DB\Debug\link.3660-cvtres.write.1.tlog
D:\UserData\Documents\Visual Studio 2012\Projects\Characte_Element_DB\Characte_Element_DB\Debug\link.3660-rc.read.1.tlog
D:\UserData\Documents\Visual Studio 2012\Projects\Characte_Element_DB\Characte_Element_DB\Debug\link.3660-rc.write.1.tlog
D:\UserData\Documents\Visual Studio 2012\Projects\Characte_Element_DB\Characte_Element_DB\Debug\link.3660.read.1.tlog
D:\UserData\Documents\Visual Studio 2012\Projects\Characte_Element_DB\Characte_Element_DB\Debug\link.3660.write.1.tlog
D:\UserData\Documents\Visual Studio 2012\Projects\Characte_Element_DB\Characte_Element_DB\Debug\link.4284-cvtres.read.1.tlog
D:\UserData\Documents\Visual Studio 2012\Projects\Characte_Element_DB\Characte_Element_DB\Debug\link.4284-cvtres.write.1.tlog
D:\UserData\Documents\Visual Studio 2012\Projects\Characte_Element_DB\Characte_Element_DB\Debug\link.4284-rc.read.1.tlog
D:\UserData\Documents\Visual Studio 2012\Projects\Characte_Element_DB\Characte_Element_DB\Debug\link.4284-rc.write.1.tlog
D:\UserData\Documents\Visual Studio 2012\Projects\Characte_Element_DB\Characte_Element_DB\Debug\link.4284.read.1.tlog
D:\UserData\Documents\Visual Studio 2012\Projects\Characte_Element_DB\Characte_Element_DB\Debug\link.4284.write.1.tlog
D:\UserData\Documents\Visual Studio 2012\Projects\Characte_Element_DB\Characte_Element_DB\Debug\link.4732-cvtres.read.1.tlog
D:\UserData\Documents\Visual Studio 2012\Projects\Characte_Element_DB\Characte_Element_DB\Debug\link.4732-cvtres.write.1.tlog
D:\UserData\Documents\Visual Studio 2012\Projects\Characte_Element_DB\Characte_Element_DB\Debug\link.4732-rc.read.1.tlog
D:\UserData\Documents\Visual Studio 2012\Projects\Characte_Element_DB\Characte_Element_DB\Debug\link.4732-rc.write.1.tlog
D:\UserData\Documents\Visual Studio 2012\Projects\Characte_Element_DB\Characte_Element_DB\Debug\link.4732.read.1.tlog
D:\UserData\Documents\Visual Studio 2012\Projects\Characte_Element_DB\Characte_Element_DB\Debug\link.4732.write.1.tlog
D:\UserData\Documents\Visual Studio 2012\Projects\Characte_Element_DB\Characte_Element_DB\Debug\link.5692-cvtres.read.1.tlog
D:\UserData\Documents\Visual Studio 2012\Projects\Characte_Element_DB\Characte_Element_DB\Debug\link.5692-cvtres.write.1.tlog
D:\UserData\Documents\Visual Studio 2012\Projects\Characte_Element_DB\Characte_Element_DB\Debug\link.5692-rc.read.1.tlog
D:\UserData\Documents\Visual Studio 2012\Projects\Characte_Element_DB\Characte_Element_DB\Debug\link.5692-rc.write.1.tlog
D:\UserData\Documents\Visual Studio 2012\Projects\Characte_Element_DB\Characte_Element_DB\Debug\link.5692.read.1.tlog
D:\UserData\Documents\Visual Studio 2012\Projects\Characte_Element_DB\Characte_Element_DB\Debug\link.5692.write.1.tlog
D:\UserData\Documents\Visual Studio 2012\Projects\Characte_Element_DB\Characte_Element_DB\Debug\link.6404-cvtres.read.1.tlog
D:\UserData\Documents\Visual Studio 2012\Projects\Characte_Element_DB\Characte_Element_DB\Debug\link.6404-cvtres.write.1.tlog
D:\UserData\Documents\Visual Studio 2012\Projects\Characte_Element_DB\Characte_Element_DB\Debug\link.6404-rc.read.1.tlog
D:\UserData\Documents\Visual Studio 2012\Projects\Characte_Element_DB\Characte_Element_DB\Debug\link.6404-rc.write.1.tlog
D:\UserData\Documents\Visual Studio 2012\Projects\Characte_Element_DB\Characte_Element_DB\Debug\link.6404.read.1.tlog
D:\UserData\Documents\Visual Studio 2012\Projects\Characte_Element_DB\Characte_Element_DB\Debug\link.6404.write.1.tlog
D:\UserData\Documents\Visual Studio 2012\Projects\Characte_Element_DB\Characte_Element_DB\Debug\link.6952-cvtres.read.1.tlog
D:\UserData\Documents\Visual Studio 2012\Projects\Characte_Element_DB\Characte_Element_DB\Debug\link.6952-cvtres.write.1.tlog
D:\UserData\Documents\Visual Studio 2012\Projects\Characte_Element_DB\Characte_Element_DB\Debug\link.6952-rc.read.1.tlog
D:\UserData\Documents\Visual Studio 2012\Projects\Characte_Element_DB\Characte_Element_DB\Debug\link.6952-rc.write.1.tlog
D:\UserData\Documents\Visual Studio 2012\Projects\Characte_Element_DB\Characte_Element_DB\Debug\link.6952.read.1.tlog
D:\UserData\Documents\Visual Studio 2012\Projects\Characte_Element_DB\Characte_Element_DB\Debug\link.6952.write.1.tlog
D:\UserData\Documents\Visual Studio 2012\Projects\Characte_Element_DB\Characte_Element_DB\Debug\link.7088-cvtres.read.1.tlog
D:\UserData\Documents\Visual Studio 2012\Projects\Characte_Element_DB\Characte_Element_DB\Debug\link.7088-cvtres.write.1.tlog
D:\UserData\Documents\Visual Studio 2012\Projects\Characte_Element_DB\Characte_Element_DB\Debug\link.7088-rc.read.1.tlog
D:\UserData\Documents\Visual Studio 2012\Projects\Characte_Element_DB\Characte_Element_DB\Debug\link.7088-rc.write.1.tlog
D:\UserData\Documents\Visual Studio 2012\Projects\Characte_Element_DB\Characte_Element_DB\Debug\link.7088.read.1.tlog
D:\UserData\Documents\Visual Studio 2012\Projects\Characte_Element_DB\Characte_Element_DB\Debug\link.7088.write.1.tlog
D:\UserData\Documents\Visual Studio 2012\Projects\Characte_Element_DB\Characte_Element_DB\Debug\link.724-cvtres.read.1.tlog
D:\UserData\Documents\Visual Studio 2012\Projects\Characte_Element_DB\Characte_Element_DB\Debug\link.724-cvtres.write.1.tlog
D:\UserData\Documents\Visual Studio 2012\Projects\Characte_Element_DB\Characte_Element_DB\Debug\link.724-rc.read.1.tlog
D:\UserData\Documents\Visual Studio 2012\Projects\Characte_Element_DB\Characte_Element_DB\Debug\link.724-rc.write.1.tlog
D:\UserData\Documents\Visual Studio 2012\Projects\Characte_Element_DB\Characte_Element_DB\Debug\link.724.read.1.tlog
D:\UserData\Documents\Visual Studio 2012\Projects\Characte_Element_DB\Characte_Element_DB\Debug\link.724.write.1.tlog
D:\UserData\Documents\Visual Studio 2012\Projects\Characte_Element_DB\Characte_Element_DB\Debug\link.7292-cvtres.read.1.tlog
D:\UserData\Documents\Visual Studio 2012\Projects\Characte_Element_DB\Characte_Element_DB\Debug\link.7292-cvtres.write.1.tlog
D:\UserData\Documents\Visual Studio 2012\Projects\Characte_Element_DB\Characte_Element_DB\Debug\link.7292-rc.read.1.tlog
D:\UserData\Documents\Visual Studio 2012\Projects\Characte_Element_DB\Characte_Element_DB\Debug\link.7292-rc.write.1.tlog
D:\UserData\Documents\Visual Studio 2012\Projects\Characte_Element_DB\Characte_Element_DB\Debug\link.7292.read.1.tlog
D:\UserData\Documents\Visual Studio 2012\Projects\Characte_Element_DB\Characte_Element_DB\Debug\link.7292.write.1.tlog
D:\UserData\Documents\Visual Studio 2012\Projects\Characte_Element_DB\Characte_Element_DB\Debug\link.7700-cvtres.read.1.tlog
D:\UserData\Documents\Visual Studio 2012\Projects\Characte_Element_DB\Characte_Element_DB\Debug\link.7700-cvtres.write.1.tlog
D:\UserData\Documents\Visual Studio 2012\Projects\Characte_Element_DB\Characte_Element_DB\Debug\link.7700-rc.read.1.tlog
D:\UserData\Documents\Visual Studio 2012\Projects\Characte_Element_DB\Characte_Element_DB\Debug\link.7700-rc.write.1.tlog
D:\UserData\Documents\Visual Studio 2012\Projects\Characte_Element_DB\Characte_Element_DB\Debug\link.7700.read.1.tlog
D:\UserData\Documents\Visual Studio 2012\Projects\Characte_Element_DB\Characte_Element_DB\Debug\link.7700.write.1.tlog
D:\UserData\Documents\Visual Studio 2012\Projects\Characte_Element_DB\Characte_Element_DB\Debug\link.8112-cvtres.read.1.tlog
D:\UserData\Documents\Visual Studio 2012\Projects\Characte_Element_DB\Characte_Element_DB\Debug\link.8112-cvtres.write.1.tlog
D:\UserData\Documents\Visual Studio 2012\Projects\Characte_Element_DB\Characte_Element_DB\Debug\link.8112-rc.read.1.tlog
D:\UserData\Documents\Visual Studio 2012\Projects\Characte_Element_DB\Characte_Element_DB\Debug\link.8112-rc.write.1.tlog
D:\UserData\Documents\Visual Studio 2012\Projects\Characte_Element_DB\Characte_Element_DB\Debug\link.8112.read.1.tlog
D:\UserData\Documents\Visual Studio 2012\Projects\Characte_Element_DB\Characte_Element_DB\Debug\link.8112.write.1.tlog
D:\UserData\Documents\Visual Studio 2012\Projects\Characte_Element_DB\Characte_Element_DB\Debug\link.8200-cvtres.read.1.tlog
D:\UserData\Documents\Visual Studio 2012\Projects\Characte_Element_DB\Characte_Element_DB\Debug\link.8200-cvtres.write.1.tlog
D:\UserData\Documents\Visual Studio 2012\Projects\Characte_Element_DB\Characte_Element_DB\Debug\link.8200-rc.read.1.tlog
D:\UserData\Documents\Visual Studio 2012\Projects\Characte_Element_DB\Characte_Element_DB\Debug\link.8200-rc.write.1.tlog
D:\UserData\Documents\Visual Studio 2012\Projects\Characte_Element_DB\Characte_Element_DB\Debug\link.8200.read.1.tlog
D:\UserData\Documents\Visual Studio 2012\Projects\Characte_Element_DB\Characte_Element_DB\Debug\link.8200.write.1.tlog
D:\UserData\Documents\Visual Studio 2012\Projects\Characte_Element_DB\Characte_Element_DB\Debug\link.8408-cvtres.read.1.tlog
D:\UserData\Documents\Visual Studio 2012\Projects\Characte_Element_DB\Characte_Element_DB\Debug\link.8408-cvtres.write.1.tlog
D:\UserData\Documents\Visual Studio 2012\Projects\Characte_Element_DB\Characte_Element_DB\Debug\link.8408-rc.read.1.tlog
D:\UserData\Documents\Visual Studio 2012\Projects\Characte_Element_DB\Characte_Element_DB\Debug\link.8408-rc.write.1.tlog
D:\UserData\Documents\Visual Studio 2012\Projects\Characte_Element_DB\Characte_Element_DB\Debug\link.8408.read.1.tlog
D:\UserData\Documents\Visual Studio 2012\Projects\Characte_Element_DB\Characte_Element_DB\Debug\link.8408.write.1.tlog
D:\UserData\Documents\Visual Studio 2012\Projects\Characte_Element_DB\Characte_Element_DB\Debug\link.8524-cvtres.read.1.tlog
D:\UserData\Documents\Visual Studio 2012\Projects\Characte_Element_DB\Characte_Element_DB\Debug\link.8524-cvtres.write.1.tlog
D:\UserData\Documents\Visual Studio 2012\Projects\Characte_Element_DB\Characte_Element_DB\Debug\link.8524-rc.read.1.tlog
D:\UserData\Documents\Visual Studio 2012\Projects\Characte_Element_DB\Characte_Element_DB\Debug\link.8524-rc.write.1.tlog
D:\UserData\Documents\Visual Studio 2012\Projects\Characte_Element_DB\Characte_Element_DB\Debug\link.8524.read.1.tlog
D:\UserData\Documents\Visual Studio 2012\Projects\Characte_Element_DB\Characte_Element_DB\Debug\link.8524.write.1.tlog
D:\UserData\Documents\Visual Studio 2012\Projects\Characte_Element_DB\Characte_Element_DB\Debug\link.8656-cvtres.read.1.tlog
D:\UserData\Documents\Visual Studio 2012\Projects\Characte_Element_DB\Characte_Element_DB\Debug\link.8656-cvtres.write.1.tlog
D:\UserData\Documents\Visual Studio 2012\Projects\Characte_Element_DB\Characte_Element_DB\Debug\link.8656-rc.read.1.tlog
D:\UserData\Documents\Visual Studio 2012\Projects\Characte_Element_DB\Characte_Element_DB\Debug\link.8656-rc.write.1.tlog
D:\UserData\Documents\Visual Studio 2012\Projects\Characte_Element_DB\Characte_Element_DB\Debug\link.8656.read.1.tlog
D:\UserData\Documents\Visual Studio 2012\Projects\Characte_Element_DB\Characte_Element_DB\Debug\link.8656.write.1.tlog
D:\UserData\Documents\Visual Studio 2012\Projects\Characte_Element_DB\Characte_Element_DB\Debug\link.8692-cvtres.read.1.tlog
D:\UserData\Documents\Visual Studio 2012\Projects\Characte_Element_DB\Characte_Element_DB\Debug\link.8692-cvtres.write.1.tlog
D:\UserData\Documents\Visual Studio 2012\Projects\Characte_Element_DB\Characte_Element_DB\Debug\link.8692-rc.read.1.tlog
D:\UserData\Documents\Visual Studio 2012\Projects\Characte_Element_DB\Characte_Element_DB\Debug\link.8692-rc.write.1.tlog
D:\UserData\Documents\Visual Studio 2012\Projects\Characte_Element_DB\Characte_Element_DB\Debug\link.8692.read.1.tlog
D:\UserData\Documents\Visual Studio 2012\Projects\Characte_Element_DB\Characte_Element_DB\Debug\link.8692.write.1.tlog
D:\UserData\Documents\Visual Studio 2012\Projects\Characte_Element_DB\Characte_Element_DB\Debug\link.8780-cvtres.read.1.tlog
D:\UserData\Documents\Visual Studio 2012\Projects\Characte_Element_DB\Characte_Element_DB\Debug\link.8780-cvtres.write.1.tlog
D:\UserData\Documents\Visual Studio 2012\Projects\Characte_Element_DB\Characte_Element_DB\Debug\link.8780-rc.read.1.tlog
D:\UserData\Documents\Visual Studio 2012\Projects\Characte_Element_DB\Characte_Element_DB\Debug\link.8780-rc.write.1.tlog
D:\UserData\Documents\Visual Studio 2012\Projects\Characte_Element_DB\Characte_Element_DB\Debug\link.8780.read.1.tlog
D:\UserData\Documents\Visual Studio 2012\Projects\Characte_Element_DB\Characte_Element_DB\Debug\link.8780.write.1.tlog
D:\UserData\Documents\Visual Studio 2012\Projects\Characte_Element_DB\Characte_Element_DB\Debug\link.8876-cvtres.read.1.tlog
D:\UserData\Documents\Visual Studio 2012\Projects\Characte_Element_DB\Characte_Element_DB\Debug\link.8876-cvtres.write.1.tlog
D:\UserData\Documents\Visual Studio 2012\Projects\Characte_Element_DB\Characte_Element_DB\Debug\link.8876-rc.read.1.tlog
D:\UserData\Documents\Visual Studio 2012\Projects\Characte_Element_DB\Characte_Element_DB\Debug\link.8876-rc.write.1.tlog
D:\UserData\Documents\Visual Studio 2012\Projects\Characte_Element_DB\Characte_Element_DB\Debug\link.8876.read.1.tlog
D:\UserData\Documents\Visual Studio 2012\Projects\Characte_Element_DB\Characte_Element_DB\Debug\link.8876.write.1.tlog
D:\UserData\Documents\Visual Studio 2012\Projects\Characte_Element_DB\Characte_Element_DB\Debug\link.8952-cvtres.read.1.tlog
D:\UserData\Documents\Visual Studio 2012\Projects\Characte_Element_DB\Characte_Element_DB\Debug\link.8952-cvtres.write.1.tlog
D:\UserData\Documents\Visual Studio 2012\Projects\Characte_Element_DB\Characte_Element_DB\Debug\link.8952-rc.read.1.tlog
D:\UserData\Documents\Visual Studio 2012\Projects\Characte_Element_DB\Characte_Element_DB\Debug\link.8952-rc.write.1.tlog
D:\UserData\Documents\Visual Studio 2012\Projects\Characte_Element_DB\Characte_Element_DB\Debug\link.8952.read.1.tlog
D:\UserData\Documents\Visual Studio 2012\Projects\Characte_Element_DB\Characte_Element_DB\Debug\link.8952.write.1.tlog
D:\UserData\Documents\Visual Studio 2012\Projects\Characte_Element_DB\Characte_Element_DB\Debug\link.9168-cvtres.read.1.tlog
D:\UserData\Documents\Visual Studio 2012\Projects\Characte_Element_DB\Characte_Element_DB\Debug\link.9168-cvtres.write.1.tlog
D:\UserData\Documents\Visual Studio 2012\Projects\Characte_Element_DB\Characte_Element_DB\Debug\link.9168-rc.read.1.tlog
D:\UserData\Documents\Visual Studio 2012\Projects\Characte_Element_DB\Characte_Element_DB\Debug\link.9168-rc.write.1.tlog
D:\UserData\Documents\Visual Studio 2012\Projects\Characte_Element_DB\Characte_Element_DB\Debug\link.9168.read.1.tlog
D:\UserData\Documents\Visual Studio 2012\Projects\Characte_Element_DB\Characte_Element_DB\Debug\link.9168.write.1.tlog
D:\UserData\Documents\Visual Studio 2012\Projects\Characte_Element_DB\Characte_Element_DB\Debug\link.9988-cvtres.read.1.tlog
D:\UserData\Documents\Visual Studio 2012\Projects\Characte_Element_DB\Characte_Element_DB\Debug\link.9988-cvtres.write.1.tlog
D:\UserData\Documents\Visual Studio 2012\Projects\Characte_Element_DB\Characte_Element_DB\Debug\link.9988-rc.read.1.tlog
D:\UserData\Documents\Visual Studio 2012\Projects\Characte_Element_DB\Characte_Element_DB\Debug\link.9988-rc.write.1.tlog
D:\UserData\Documents\Visual Studio 2012\Projects\Characte_Element_DB\Characte_Element_DB\Debug\link.9988.read.1.tlog
D:\UserData\Documents\Visual Studio 2012\Projects\Characte_Element_DB\Characte_Element_DB\Debug\link.9988.write.1.tlog
D:\UserData\Documents\Visual Studio 2012\Projects\Characte_Element_DB\Characte_Element_DB\Debug\link.command.1.tlog
D:\UserData\Documents\Visual Studio 2012\Projects\Characte_Element_DB\Characte_Element_DB\Debug\link.read.1.tlog
D:\UserData\Documents\Visual Studio 2012\Projects\Characte_Element_DB\Characte_Element_DB\Debug\link.write.1.tlog
D:\UserData\Documents\Visual Studio 2012\Projects\Characte_Element_DB\Characte_Element_DB\Debug\vc110.idb
D:\UserData\Documents\Visual Studio 2012\Projects\Characte_Element_DB\Characte_Element_DB\Debug\vc110.pdb
D:\UserData\Documents\Visual Studio 2012\Projects\Characte_Element_DB\Debug\Characte_Element_DB.pdb
D:\UserData\Documents\Visual Studio 2012\Projects\Characte_Element_DB\Debug\Characte_Element_DB.exe
D:\UserData\Documents\Visual Studio 2012\Projects\Characte_Element_DB\Debug\Characte_Element_DB.ilk
