D:\USERDATA\DOCUMENTS\VISUAL STUDIO 2012\PROJECTS\CAPTURE\CAPTURE\RELEASE\MAIN.OBJ
D:\USERDATA\DOCUMENTS\VISUAL STUDIO 2012\PROJECTS\CAPTURE\CAPTURE\RELEASE\MOC_CAPTURE.OBJ
D:\USERDATA\DOCUMENTS\VISUAL STUDIO 2012\PROJECTS\CAPTURE\CAPTURE\RELEASE\CAPTURE.OBJ
D:\USERDATA\DOCUMENTS\VISUAL STUDIO 2012\PROJECTS\CAPTURE\CAPTURE\RELEASE\QRC_CAPTURE.OBJ
D:\USERDATA\DOCUMENTS\VISUAL STUDIO 2012\PROJECTS\CAPTURE\CAPTURE\GENERATEDFILES\UI_CAPTURE.H
D:\USERDATA\DOCUMENTS\VISUAL STUDIO 2012\PROJECTS\CAPTURE\CAPTURE\GENERATEDFILES\QRC_CAPTURE.CPP
D:\USERDATA\DOCUMENTS\VISUAL STUDIO 2012\PROJECTS\CAPTURE\CAPTURE\GENERATEDFILES\RELEASE\MOC_CAPTURE.CPP
D:\USERDATA\DOCUMENTS\VISUAL STUDIO 2012\PROJECTS\CAPTURE\WIN32\RELEASE\CAPTURE.EXE
D:\UserData\Documents\Visual Studio 2012\Projects\Capture\Capture\Release\capture.obj
D:\UserData\Documents\Visual Studio 2012\Projects\Capture\Capture\Release\main.obj
D:\UserData\Documents\Visual Studio 2012\Projects\Capture\Capture\Release\moc_capture.obj
D:\UserData\Documents\Visual Studio 2012\Projects\Capture\Capture\Release\qrc_capture.obj
D:\UserData\Documents\Visual Studio 2012\Projects\Capture\Capture\Release\cl.command.1.tlog
D:\UserData\Documents\Visual Studio 2012\Projects\Capture\Capture\Release\CL.read.1.tlog
D:\UserData\Documents\Visual Studio 2012\Projects\Capture\Capture\Release\CL.write.1.tlog
D:\UserData\Documents\Visual Studio 2012\Projects\Capture\Capture\Release\custombuild.command.1.tlog
D:\UserData\Documents\Visual Studio 2012\Projects\Capture\Capture\Release\custombuild.read.1.tlog
D:\UserData\Documents\Visual Studio 2012\Projects\Capture\Capture\Release\custombuild.write.1.tlog
D:\UserData\Documents\Visual Studio 2012\Projects\Capture\Capture\Release\link-cvtres.read.1.tlog
D:\UserData\Documents\Visual Studio 2012\Projects\Capture\Capture\Release\link-cvtres.write.1.tlog
D:\UserData\Documents\Visual Studio 2012\Projects\Capture\Capture\Release\link-rc.read.1.tlog
D:\UserData\Documents\Visual Studio 2012\Projects\Capture\Capture\Release\link-rc.write.1.tlog
D:\UserData\Documents\Visual Studio 2012\Projects\Capture\Capture\Release\link.command.1.tlog
D:\UserData\Documents\Visual Studio 2012\Projects\Capture\Capture\Release\link.read.1.tlog
D:\UserData\Documents\Visual Studio 2012\Projects\Capture\Capture\Release\link.write.1.tlog
D:\UserData\Documents\Visual Studio 2012\Projects\Capture\Win32\Release\Capture.exe
